<?xml version="1.0" encoding="UTF-8"?>
<!-- Generated by org.testng.reporters.JUnitReportReporter -->
<testsuite skipped="0" hostname="SRKSUR5013LT" name="demo.FlipCartDemo" tests="1" failures="0" timestamp="2021-07-29T17:39:03 IST" time="143.746" errors="0">
  <testcase name="f" time="143.746" classname="demo.FlipCartDemo"/>
  <system-out/>
</testsuite> <!-- demo.FlipCartDemo -->
